{"numFailedTestSuites":1,"numFailedTests":0,"numPassedTestSuites":0,"numPassedTests":0,"numPendingTestSuites":0,"numPendingTests":0,"numRuntimeErrorTestSuites":1,"numTodoTests":0,"numTotalTestSuites":1,"numTotalTests":0,"openHandles":[],"snapshot":{"added":0,"didUpdate":false,"failure":false,"filesAdded":0,"filesRemoved":0,"filesRemovedList":[],"filesUnmatched":0,"filesUpdated":0,"matched":0,"total":0,"unchecked":0,"uncheckedKeysByFile":[],"unmatched":0,"updated":0},"startTime":1748570651500,"success":false,"testResults":[{"assertionResults":[],"coverage":{},"endTime":1748570655642,"message":"  ● Test suite failed to run\n\n    \u001b[96msrc/struct.ts\u001b[0m:\u001b[93m516\u001b[0m:\u001b[93m5\u001b[0m - \u001b[91merror\u001b[0m\u001b[90m TS1128: \u001b[0mDeclaration or statement expected.\n\n    \u001b[7m516\u001b[0m     default:\n    \u001b[7m   \u001b[0m \u001b[91m    ~~~~~~~\u001b[0m\n","name":"/app/src/struct.spec.ts","startTime":1748570655642,"status":"failed","summary":""}],"wasInterrupted":false}
